0 info it worked if it ends with ok
1 verbose cli [ '/usr/local/bin/node',
1 verbose cli   '/usr/local/bin/npm',
1 verbose cli   'install',
1 verbose cli   'grunt-contrib-lint',
1 verbose cli   '--save-dev' ]
2 info using npm@2.14.7
3 info using node@v4.2.1
4 verbose install initial load of /Users/Andrew/Documents/grad_project/package.json
5 verbose installManyTop reading scoped package data from /Users/Andrew/Documents/grad_project/node_modules/grunt/package.json
6 verbose installManyTop reading scoped package data from /Users/Andrew/Documents/grad_project/node_modules/grunt-contrib-copy/package.json
7 verbose installManyTop reading scoped package data from /Users/Andrew/Documents/grad_project/node_modules/grunt-contrib-cssmin/package.json
8 verbose installManyTop reading scoped package data from /Users/Andrew/Documents/grad_project/node_modules/grunt-contrib-jshint/package.json
9 verbose installManyTop reading scoped package data from /Users/Andrew/Documents/grad_project/node_modules/grunt-contrib-mincss/package.json
10 verbose installManyTop reading scoped package data from /Users/Andrew/Documents/grad_project/node_modules/grunt-contrib-uglify/package.json
11 verbose installManyTop reading scoped package data from /Users/Andrew/Documents/grad_project/node_modules/launchpad/package.json
12 verbose installManyTop reading scoped package data from /Users/Andrew/Documents/grad_project/node_modules/node-static/package.json
13 info package.json grunt@0.4.5 No license field.
14 info package.json grunt-contrib-mincss@0.3.2 No license field.
15 info package.json launchpad@0.1.0 No repository field.
16 info package.json launchpad@0.1.0 No license field.
17 verbose readDependencies loading dependencies from /Users/Andrew/Documents/grad_project/package.json
18 silly cache add args [ 'grunt-contrib-lint', null ]
19 verbose cache add spec grunt-contrib-lint
20 silly cache add parsed spec Result {
20 silly cache add   raw: 'grunt-contrib-lint',
20 silly cache add   scope: null,
20 silly cache add   name: 'grunt-contrib-lint',
20 silly cache add   rawSpec: '',
20 silly cache add   spec: '*',
20 silly cache add   type: 'range' }
21 silly addNamed grunt-contrib-lint@*
22 verbose addNamed "*" is a valid semver range for grunt-contrib-lint
23 silly addNameRange { name: 'grunt-contrib-lint', range: '*', hasData: false }
24 silly mapToRegistry name grunt-contrib-lint
25 silly mapToRegistry using default registry
26 silly mapToRegistry registry https://registry.npmjs.org/
27 silly mapToRegistry uri https://registry.npmjs.org/grunt-contrib-lint
28 verbose addNameRange registry:https://registry.npmjs.org/grunt-contrib-lint not in flight; fetching
29 verbose request uri https://registry.npmjs.org/grunt-contrib-lint
30 verbose request no auth needed
31 info attempt registry request try #1 at 7:43:43 PM
32 verbose request id 9cc23f5e68d586a3
33 http request GET https://registry.npmjs.org/grunt-contrib-lint
34 http 404 https://registry.npmjs.org/grunt-contrib-lint
35 verbose headers { 'content-type': 'application/json',
35 verbose headers   'cache-control': 'max-age=0',
35 verbose headers   'content-length': '2',
35 verbose headers   'accept-ranges': 'bytes',
35 verbose headers   date: 'Mon, 25 Jan 2016 00:43:43 GMT',
35 verbose headers   via: '1.1 varnish',
35 verbose headers   age: '0',
35 verbose headers   connection: 'keep-alive',
35 verbose headers   'x-served-by': 'cache-atl6229-ATL',
35 verbose headers   'x-cache': 'MISS',
35 verbose headers   'x-cache-hits': '0',
35 verbose headers   'x-timer': 'S1453682623.743666,VS0,VE28' }
36 silly get cb [ 404,
36 silly get   { 'content-type': 'application/json',
36 silly get     'cache-control': 'max-age=0',
36 silly get     'content-length': '2',
36 silly get     'accept-ranges': 'bytes',
36 silly get     date: 'Mon, 25 Jan 2016 00:43:43 GMT',
36 silly get     via: '1.1 varnish',
36 silly get     age: '0',
36 silly get     connection: 'keep-alive',
36 silly get     'x-served-by': 'cache-atl6229-ATL',
36 silly get     'x-cache': 'MISS',
36 silly get     'x-cache-hits': '0',
36 silly get     'x-timer': 'S1453682623.743666,VS0,VE28' } ]
37 verbose stack Error: Registry returned 404 for GET on https://registry.npmjs.org/grunt-contrib-lint
37 verbose stack     at makeError (/usr/local/lib/node_modules/npm/node_modules/npm-registry-client/lib/request.js:264:12)
37 verbose stack     at CachingRegistryClient.<anonymous> (/usr/local/lib/node_modules/npm/node_modules/npm-registry-client/lib/request.js:242:14)
37 verbose stack     at Request._callback (/usr/local/lib/node_modules/npm/node_modules/npm-registry-client/lib/request.js:172:14)
37 verbose stack     at Request.self.callback (/usr/local/lib/node_modules/npm/node_modules/request/request.js:198:22)
37 verbose stack     at emitTwo (events.js:87:13)
37 verbose stack     at Request.emit (events.js:172:7)
37 verbose stack     at Request.<anonymous> (/usr/local/lib/node_modules/npm/node_modules/request/request.js:1063:14)
37 verbose stack     at emitOne (events.js:82:20)
37 verbose stack     at Request.emit (events.js:169:7)
37 verbose stack     at IncomingMessage.<anonymous> (/usr/local/lib/node_modules/npm/node_modules/request/request.js:1009:12)
38 verbose statusCode 404
39 verbose pkgid grunt-contrib-lint
40 verbose cwd /Users/Andrew/Documents/grad_project
41 error Darwin 15.2.0
42 error argv "/usr/local/bin/node" "/usr/local/bin/npm" "install" "grunt-contrib-lint" "--save-dev"
43 error node v4.2.1
44 error npm  v2.14.7
45 error code E404
46 error 404 Registry returned 404 for GET on https://registry.npmjs.org/grunt-contrib-lint
46 error 404
46 error 404 'grunt-contrib-lint' is not in the npm registry.
46 error 404 You should bug the author to publish it (or use the name yourself!)
46 error 404 It was specified as a dependency of 'nv'
46 error 404
46 error 404 Note that you can also install from a
46 error 404 tarball, folder, http url, or git url.
47 verbose exit [ 1, true ]
