This is pdfTeX, Version 3.1415926-1.40.10 (TeX Live 2009/Debian) (format=pdflatex 2012.5.23)  13 JUL 2012 21:38
entering extended mode
 %&-line parsing enabled.
**sigproc-sp.tex
(./sigproc-sp.tex
LaTeX2e <2009/09/24>
Babel <v3.8l> and hyphenation patterns for english, usenglishmax, dumylang, noh
yphenation, loaded.
(./acm_proc_article-sp.cls
(/usr/share/texmf-texlive/tex/latex/graphics/epsfig.sty
Package: epsfig 1999/02/16 v1.7a (e)psfig emulation (SPQR)

(/usr/share/texmf-texlive/tex/latex/graphics/graphicx.sty
Package: graphicx 1999/02/16 v1.0f Enhanced LaTeX Graphics (DPC,SPQR)

(/usr/share/texmf-texlive/tex/latex/graphics/keyval.sty
Package: keyval 1999/03/16 v1.13 key=value parser (DPC)
\KV@toks@=\toks14
)
(/usr/share/texmf-texlive/tex/latex/graphics/graphics.sty
Package: graphics 2009/02/05 v1.0o Standard LaTeX Graphics (DPC,SPQR)

(/usr/share/texmf-texlive/tex/latex/graphics/trig.sty
Package: trig 1999/03/16 v1.09 sin cos tan (DPC)
)
(/etc/texmf/tex/latex/config/graphics.cfg
File: graphics.cfg 2009/08/28 v1.8 graphics configuration of TeX Live
)
Package graphics Info: Driver file: pdftex.def on input line 91.

(/usr/share/texmf-texlive/tex/latex/pdftex-def/pdftex.def
File: pdftex.def 2010/03/12 v0.04p Graphics/color for pdfTeX
\Gread@gobject=\count79
))
\Gin@req@height=\dimen102
\Gin@req@width=\dimen103
)
\epsfxsize=\dimen104
\epsfysize=\dimen105
)
(/usr/share/texmf-texlive/tex/latex/amsfonts/amssymb.sty
Package: amssymb 2009/06/22 v3.00

(/usr/share/texmf-texlive/tex/latex/amsfonts/amsfonts.sty
Package: amsfonts 2009/06/22 v3.00 Basic AMSFonts support
\@emptytoks=\toks15
\symAMSa=\mathgroup4
\symAMSb=\mathgroup5
LaTeX Font Info:    Overwriting math alphabet `\mathfrak' in version `bold'
(Font)                  U/euf/m/n --> U/euf/b/n on input line 96.
))
(/usr/share/texmf-texlive/tex/latex/amsmath/amsmath.sty
Package: amsmath 2000/07/18 v2.13 AMS math features
\@mathmargin=\skip41

For additional information on amsmath, use the `?' option.
(/usr/share/texmf-texlive/tex/latex/amsmath/amstext.sty
Package: amstext 2000/06/29 v2.01

(/usr/share/texmf-texlive/tex/latex/amsmath/amsgen.sty
File: amsgen.sty 1999/11/30 v2.0
\@emptytoks=\toks16
\ex@=\dimen106
))
(/usr/share/texmf-texlive/tex/latex/amsmath/amsbsy.sty
Package: amsbsy 1999/11/29 v1.2d
\pmbraise@=\dimen107
)
(/usr/share/texmf-texlive/tex/latex/amsmath/amsopn.sty
Package: amsopn 1999/12/14 v2.01 operator names
)
\inf@bad=\count80
LaTeX Info: Redefining \frac on input line 211.
\uproot@=\count81
\leftroot@=\count82
LaTeX Info: Redefining \overline on input line 307.
\classnum@=\count83
\DOTSCASE@=\count84
LaTeX Info: Redefining \ldots on input line 379.
LaTeX Info: Redefining \dots on input line 382.
LaTeX Info: Redefining \cdots on input line 467.
\Mathstrutbox@=\box26
\strutbox@=\box27
\big@size=\dimen108
LaTeX Font Info:    Redeclaring font encoding OML on input line 567.
LaTeX Font Info:    Redeclaring font encoding OMS on input line 568.
\macc@depth=\count85
\c@MaxMatrixCols=\count86
\dotsspace@=\muskip10
\c@parentequation=\count87
\dspbrk@lvl=\count88
\tag@help=\toks17
\row@=\count89
\column@=\count90
\maxfields@=\count91
\andhelp@=\toks18
\eqnshift@=\dimen109
\alignsep@=\dimen110
\tagshift@=\dimen111
\tagwidth@=\dimen112
\totwidth@=\dimen113
\lineht@=\dimen114
\@envbody=\toks19
\multlinegap=\skip42
\multlinetaggap=\skip43
\mathdisplay@stack=\toks20
LaTeX Info: Redefining \[ on input line 2666.
LaTeX Info: Redefining \] on input line 2667.
)
Document Class 'acm_proc_article-sp' <22nd. April '09>. Modified by G.K.M. Tobi
n
Based in part upon document Style `acmconf' <22 May 89>. Hacked 4/91 by
shivers@cs.cmu.edu, 4/93 by theobald@cs.mcgill.ca
Excerpts were taken from (Journal Style) 'esub2acm.cls'.
****** Bugs/comments/suggestions to Gerry Murray -- murray@hq.acm.org ******
\footheight=\dimen115
\@maxsep=\dimen116
\@dblmaxsep=\dimen117
\aucount=\count92
\originalaucount=\count93
\auwidth=\dimen118
\auskip=\dimen119
\auskipcount=\count94
\auskip=\dimen120
\allauboxes=\dimen121
\addauthors=\toks21
\addauflag=\count95
\subtitletext=\toks22
\savesection=\count96
\sectioncntr=\count97
\c@figure=\count98
\c@table=\count99
\titleboxnotes=\toks23
\titleboxnoteflag=\count100
Document Class: acm_proc_article-sp 2009/04/22 - V3.2SP - based on esub2acm.sty
 <23 April 96>
(/usr/share/texmf-texlive/tex/latex/base/latexsym.sty
Package: latexsym 1998/08/17 v2.2e Standard LaTeX package (lasy symbols)
\symlasy=\mathgroup6
LaTeX Font Info:    Overwriting symbol font `lasy' in version `bold'
(Font)                  U/lasy/m/n --> U/lasy/b/n on input line 47.
)
\@acmtitlebox=\box28
\titlenotecount=\count101
\tntoks=\toks24
\tntokstwo=\toks25
\tntoksthree=\toks26
\tntoksfour=\toks27
\tntoksfive=\toks28
\catcount=\count102
\copyrightnotice=\toks29
\conf=\toks30
\confinfo=\toks31
\c@part=\count103
\c@section=\count104
\c@subsection=\count105
\c@subsubsection=\count106
\c@paragraph=\count107

Using 'Abbrev' bibliography style
LaTeX Info: Redefining \cite on input line 1236.
\bibindent=\dimen122
\colcntr=\count108
\saveb@x=\box29
\copyrtyr=\toks32
\acmcopyr=\toks33
\boilerplate=\toks34
\copyrightetc=\toks35
(/usr/share/texmf-texlive/tex/latex/base/fontenc.sty
Package: fontenc 2005/09/27 v1.99g Standard LaTeX package

(/usr/share/texmf-texlive/tex/latex/base/t1enc.def
File: t1enc.def 2005/09/27 v1.99g Standard LaTeX file
LaTeX Font Info:    Redeclaring font encoding T1 on input line 43.
)
LaTeX Font Info:    Try loading font information for T1+aer on input line 100.

(/usr/share/texmf-texlive/tex/latex/ae/t1aer.fd
File: t1aer.fd 1997/11/16 Font definitions for T1/aer.
))) (./sigproc-sp.aux)
\openout1 = `sigproc-sp.aux'.

LaTeX Font Info:    Checking defaults for OML/cmm/m/it on input line 7.
LaTeX Font Info:    ... okay on input line 7.
LaTeX Font Info:    Checking defaults for T1/cmr/m/n on input line 7.
LaTeX Font Info:    ... okay on input line 7.
LaTeX Font Info:    Checking defaults for OT1/cmr/m/n on input line 7.
LaTeX Font Info:    ... okay on input line 7.
LaTeX Font Info:    Checking defaults for OMS/cmsy/m/n on input line 7.
LaTeX Font Info:    ... okay on input line 7.
LaTeX Font Info:    Checking defaults for OMX/cmex/m/n on input line 7.
LaTeX Font Info:    ... okay on input line 7.
LaTeX Font Info:    Checking defaults for U/cmr/m/n on input line 7.
LaTeX Font Info:    ... okay on input line 7.

(/usr/share/texmf-texlive/tex/context/base/supp-pdf.mkii
[Loading MPS to PDF converter (version 2006.09.02).]
\scratchcounter=\count109
\scratchdimen=\dimen123
\scratchbox=\box30
\nofMPsegments=\count110
\nofMParguments=\count111
\everyMPshowfont=\toks36
\MPscratchCnt=\count112
\MPscratchDim=\dimen124
\MPnumerator=\count113
\everyMPtoPDFconversion=\toks37
)
LaTeX Font Info:    Try loading font information for U+msa on input line 22.
 (/usr/share/texmf-texlive/tex/latex/amsfonts/umsa.fd
File: umsa.fd 2009/06/22 v3.00 AMS symbols A
)
LaTeX Font Info:    Try loading font information for U+msb on input line 22.

(/usr/share/texmf-texlive/tex/latex/amsfonts/umsb.fd
File: umsb.fd 2009/06/22 v3.00 AMS symbols B
)
LaTeX Font Info:    Try loading font information for U+lasy on input line 22.

(/usr/share/texmf-texlive/tex/latex/base/ulasy.fd
File: ulasy.fd 1998/08/17 v2.2e LaTeX symbol font definitions
)
<../screenshots/overview.png, id=1, 1531.7225pt x 849.1725pt>
File: ../screenshots/overview.png Graphic file (type png)

<use ../screenshots/overview.png>
Overfull \hbox (12.0pt too wide) in paragraph at lines 43--44
 [][] 
 []


Overfull \hbox (2.99513pt too wide) in paragraph at lines 48--49
\T1/aer/m/n/9 of data for large net-works. Tra-di-tional re-port-ing tools pres
ent
 []


Overfull \hbox (1.15923pt too wide) in paragraph at lines 50--51
\T1/aer/m/n/9 by ad-min-is-tra-tors to as-sess the state of their net-works. Wh
ile
 []


Overfull \hbox (8.36783pt too wide) in paragraph at lines 50--51
\T1/aer/m/n/9 some time. (Cite: sec-tools did sur-veys ac-cord-ing to wikipedia
.)
 []

[1{/var/lib/texmf/fonts/map/pdftex/updmap/pdftex.map}


 <../screenshots/overview.png>]
Overfull \hbox (6.08208pt too wide) in paragraph at lines 159--161
\T1/aer/m/n/9 Nv con-sists of mul-ti-ple co-or-di-nated views in-clud-ing a tre
emap,
 []

[2] <../screenshots/state_issue.png, id=15, 948.54375pt x 1003.75pt>
File: ../screenshots/state_issue.png Graphic file (type png)

<use ../screenshots/state_issue.png>
Overfull \hbox (12.0pt too wide) in paragraph at lines 185--186
 [][] 
 []

<../screenshots/cb_version_both.png, id=16, 1083.04625pt x 1036.87375pt>
File: ../screenshots/cb_version_both.png Graphic file (type png)

<use ../screenshots/cb_version_both.png>
Overfull \hbox (12.0pt too wide) in paragraph at lines 208--209
 [][] 
 []

[3 <../screenshots/state_issue.png> <../screenshots/cb_version_both.png>]
Overfull \hbox (8.3313pt too wide) in paragraph at lines 243--246
\T1/aer/m/n/9 which were our main re-quire-ments. (TODO elab-o-rate? Should
 []


Overfull \hbox (3.70605pt too wide) in paragraph at lines 265--265
[]\secfnt Case Study 1: Dy-namic Vul-ner-a-bil-ity State
 []


Underfull \vbox (badness 10000) has occurred while \output is active []


<../screenshots/final/SimGroupSingle.png, id=22, 1927.2pt x 1084.05pt>
File: ../screenshots/final/SimGroupSingle.png Graphic file (type png)

<use ../screenshots/final/SimGroupSingle.png>
Overfull \hbox (12.0pt too wide) in paragraph at lines 289--290
 [][] 
 []

<../screenshots/final/LappServerSimPort.png, id=23, 1927.2pt x 1084.05pt>
File: ../screenshots/final/LappServerSimPort.png Graphic file (type png)

<use ../screenshots/final/LappServerSimPort.png>
Overfull \hbox (12.0pt too wide) in paragraph at lines 312--313
 [][] 
 []


Underfull \vbox (badness 10000) has occurred while \output is active []

 [4 <../screenshots/final/SimGroupSingle.png (PNG copy)>]
Overfull \hbox (12.52415pt too wide) in paragraph at lines 326--339
[]\T1/aer/m/n/9 After fur-ther ex-plor-ing their net-work, the ad-min-is-tra-to
r patches
 []


Overfull \hbox (213.5737pt too wide) in paragraph at lines 341--350
[][] 
 []

<../screenshots/final/SimDiffGroup.png, id=27, 1927.2pt x 1084.05pt>
File: ../screenshots/final/SimDiffGroup.png Graphic file (type png)

<use ../screenshots/final/SimDiffGroup.png>
Overfull \hbox (12.0pt too wide) in paragraph at lines 356--357
 [][] 
 []

<../screenshots/final/VastGroup.png, id=28, 1927.2pt x 1084.05pt>
File: ../screenshots/final/VastGroup.png Graphic file (type png)

<use ../screenshots/final/VastGroup.png>
Overfull \hbox (12.0pt too wide) in paragraph at lines 400--401
 [][] 
 []

[5 <../screenshots/final/LappServerSimPort.png (PNG copy)> <../screenshots/fina
l/SimDiffGroup.png (PNG copy)>]
<../screenshots/final/VASTWorkstationPort.png, id=32, 1927.2pt x 1084.05pt>
File: ../screenshots/final/VASTWorkstationPort.png Graphic file (type png)

<use ../screenshots/final/VASTWorkstationPort.png>
Overfull \hbox (12.0pt too wide) in paragraph at lines 427--428
 [][] 
 []

No file sigproc-sp.bbl.
[6

 <../screenshots/final/VastGroup.png (PNG copy)> <../screenshots/final/VASTWork
stationPort.png (PNG copy)>] (./sigproc-sp.aux) ) 
Here is how much of TeX's memory you used:
 2223 strings out of 495061
 26130 string characters out of 1182621
 84349 words of memory out of 3000000
 5369 multiletter control sequences out of 15000+50000
 42524 words of font info for 59 fonts, out of 3000000 for 9000
 28 hyphenation exceptions out of 8191
 39i,7n,26p,1119b,222s stack positions out of 5000i,500n,10000p,200000b,50000s
{/usr/share/texmf-texlive/font
s/enc/dvips/base/8r.enc}</usr/share/texmf-texlive/fonts/type1/public/amsfonts/c
m/cmbx9.pfb></usr/share/texmf-texlive/fonts/type1/public/amsfonts/cm/cmr9.pfb><
/usr/share/texmf-texlive/fonts/type1/urw/helvetic/uhvb8a.pfb></usr/share/texmf-
texlive/fonts/type1/urw/times/utmb8a.pfb>
Output written on sigproc-sp.pdf (6 pages, 1674477 bytes).
PDF statistics:
 50 PDF objects out of 1000 (max. 8388607)
 0 named destinations out of 1000 (max. 500000)
 41 words of extra memory for PDF output out of 10000 (max. 10000000)

